<?xml version="1.0" encoding="UTF-8"?>
<!-- Generated by org.testng.reporters.JUnitReportReporter -->
<testsuite hostname="DESKTOP-L4DPEFN" failures="0" tests="1" name="Section14_115" time="0.020" errors="0" timestamp="2022-03-13T17:24:33 AEDT" skipped="0">
  <testcase classname="Section14_115" name="streamCollect" time="0.020"/>
  <system-out/>
</testsuite> <!-- Section14_115 -->
